<?xml version="1.0" encoding="UTF-8"?>
<testng-results ignored="0" total="10" passed="9" failed="1" skipped="0">
  <reporter-output>
  </reporter-output>
  <suite started-at="2023-02-26T00:27:50 IST" name="Suite" finished-at="2023-02-26T00:30:50 IST" duration-ms="179459">
    <groups>
    </groups>
    <test started-at="2023-02-26T00:27:50 IST" name="ChromeTest" finished-at="2023-02-26T00:29:14 IST" duration-ms="83963">
      <class name="testNgTest.TestNgClass2">
        <test-method is-config="true" signature="LauchBrowser(java.lang.String)[pri:0, instance:testNgTest.TestNgClass2@1139b2f3]" started-at="2023-02-26T00:27:52 IST" name="LauchBrowser" finished-at="2023-02-26T00:27:53 IST" duration-ms="951" status="PASS">
          <params>
            <param index="0">
              <value>
                <![CDATA[Chrome]]>
              </value>
            </param>
          </params>
          <reporter-output>
          </reporter-output>
        </test-method> <!-- LauchBrowser -->
        <test-method is-config="true" signature="ctreatePOMObjects()[pri:0, instance:testNgTest.TestNgClass2@1139b2f3]" started-at="2023-02-26T00:27:53 IST" name="ctreatePOMObjects" finished-at="2023-02-26T00:27:53 IST" duration-ms="40" status="PASS">
          <reporter-output>
          </reporter-output>
        </test-method> <!-- ctreatePOMObjects -->
        <test-method is-config="true" signature="goToHomePage()[pri:0, instance:testNgTest.TestNgClass2@1139b2f3]" started-at="2023-02-26T00:27:53 IST" name="goToHomePage" finished-at="2023-02-26T00:28:00 IST" duration-ms="7787" status="PASS">
          <reporter-output>
          </reporter-output>
        </test-method> <!-- goToHomePage -->
        <test-method signature="VerifyAddToCart()[pri:1, instance:testNgTest.TestNgClass2@1139b2f3]" started-at="2023-02-26T00:28:00 IST" name="VerifyAddToCart" finished-at="2023-02-26T00:28:24 IST" duration-ms="23521" status="PASS">
          <reporter-output>
          </reporter-output>
        </test-method> <!-- VerifyAddToCart -->
        <test-method is-config="true" signature="LogOutPage()[pri:0, instance:testNgTest.TestNgClass2@1139b2f3]" started-at="2023-02-26T00:28:24 IST" name="LogOutPage" finished-at="2023-02-26T00:28:26 IST" duration-ms="2440" status="PASS">
          <reporter-output>
          </reporter-output>
        </test-method> <!-- LogOutPage -->
        <test-method is-config="true" signature="goToHomePage()[pri:0, instance:testNgTest.TestNgClass2@1139b2f3]" started-at="2023-02-26T00:28:26 IST" name="goToHomePage" finished-at="2023-02-26T00:28:32 IST" duration-ms="5484" status="PASS">
          <reporter-output>
          </reporter-output>
        </test-method> <!-- goToHomePage -->
        <test-method signature="VerifyBuyNow()[pri:2, instance:testNgTest.TestNgClass2@1139b2f3]" started-at="2023-02-26T00:28:32 IST" name="VerifyBuyNow" finished-at="2023-02-26T00:28:41 IST" duration-ms="8684" status="PASS">
          <reporter-output>
          </reporter-output>
        </test-method> <!-- VerifyBuyNow -->
        <test-method is-config="true" signature="LogOutPage()[pri:0, instance:testNgTest.TestNgClass2@1139b2f3]" started-at="2023-02-26T00:28:41 IST" name="LogOutPage" finished-at="2023-02-26T00:28:42 IST" duration-ms="1822" status="PASS">
          <reporter-output>
          </reporter-output>
        </test-method> <!-- LogOutPage -->
        <test-method is-config="true" signature="clearPOMObjects()[pri:0, instance:testNgTest.TestNgClass2@1139b2f3]" started-at="2023-02-26T00:28:42 IST" name="clearPOMObjects" finished-at="2023-02-26T00:28:42 IST" duration-ms="0" status="PASS">
          <reporter-output>
          </reporter-output>
        </test-method> <!-- clearPOMObjects -->
        <test-method is-config="true" signature="closedbrowser()[pri:0, instance:testNgTest.TestNgClass2@1139b2f3]" started-at="2023-02-26T00:29:14 IST" name="closedbrowser" finished-at="2023-02-26T00:29:14 IST" duration-ms="397" status="PASS">
          <reporter-output>
          </reporter-output>
        </test-method> <!-- closedbrowser -->
      </class> <!-- testNgTest.TestNgClass2 -->
      <class name="testNgTest.TestNgClass1">
        <test-method is-config="true" signature="LauchBrowser(java.lang.String)[pri:0, instance:testNgTest.TestNgClass1@31368b99]" started-at="2023-02-26T00:27:50 IST" name="LauchBrowser" finished-at="2023-02-26T00:27:52 IST" duration-ms="1235" status="PASS">
          <params>
            <param index="0">
              <value>
                <![CDATA[Chrome]]>
              </value>
            </param>
          </params>
          <reporter-output>
          </reporter-output>
        </test-method> <!-- LauchBrowser -->
        <test-method is-config="true" signature="ctreatePOMObjects()[pri:0, instance:testNgTest.TestNgClass1@31368b99]" started-at="2023-02-26T00:27:53 IST" name="ctreatePOMObjects" finished-at="2023-02-26T00:27:53 IST" duration-ms="102" status="PASS">
          <reporter-output>
          </reporter-output>
        </test-method> <!-- ctreatePOMObjects -->
        <test-method is-config="true" signature="goToHomePage()[pri:0, instance:testNgTest.TestNgClass1@31368b99]" started-at="2023-02-26T00:27:53 IST" name="goToHomePage" finished-at="2023-02-26T00:28:09 IST" duration-ms="16639" status="PASS">
          <reporter-output>
          </reporter-output>
        </test-method> <!-- goToHomePage -->
        <test-method signature="VerifyElectricityBill()[pri:0, instance:testNgTest.TestNgClass1@31368b99]" started-at="2023-02-26T00:28:09 IST" name="VerifyElectricityBill" finished-at="2023-02-26T00:28:21 IST" duration-ms="11808" status="PASS">
          <reporter-output>
          </reporter-output>
        </test-method> <!-- VerifyElectricityBill -->
        <test-method is-config="true" signature="LogOutPage()[pri:0, instance:testNgTest.TestNgClass1@31368b99]" started-at="2023-02-26T00:28:21 IST" name="LogOutPage" finished-at="2023-02-26T00:28:23 IST" duration-ms="2051" status="PASS">
          <reporter-output>
          </reporter-output>
        </test-method> <!-- LogOutPage -->
        <test-method is-config="true" signature="goToHomePage()[pri:0, instance:testNgTest.TestNgClass1@31368b99]" started-at="2023-02-26T00:28:23 IST" name="goToHomePage" finished-at="2023-02-26T00:28:40 IST" duration-ms="16534" status="PASS">
          <reporter-output>
          </reporter-output>
        </test-method> <!-- goToHomePage -->
        <test-method signature="VerifyMobileRechagre()[pri:0, instance:testNgTest.TestNgClass1@31368b99]" started-at="2023-02-26T00:28:40 IST" name="VerifyMobileRechagre" finished-at="2023-02-26T00:28:48 IST" duration-ms="8626" status="PASS">
          <reporter-output>
          </reporter-output>
        </test-method> <!-- VerifyMobileRechagre -->
        <test-method is-config="true" signature="LogOutPage()[pri:0, instance:testNgTest.TestNgClass1@31368b99]" started-at="2023-02-26T00:28:48 IST" name="LogOutPage" finished-at="2023-02-26T00:28:51 IST" duration-ms="2150" status="PASS">
          <reporter-output>
          </reporter-output>
        </test-method> <!-- LogOutPage -->
        <test-method is-config="true" signature="goToHomePage()[pri:0, instance:testNgTest.TestNgClass1@31368b99]" started-at="2023-02-26T00:28:51 IST" name="goToHomePage" finished-at="2023-02-26T00:29:05 IST" duration-ms="14379" status="PASS">
          <reporter-output>
          </reporter-output>
        </test-method> <!-- goToHomePage -->
        <test-method signature="VerifyTrainTicket()[pri:0, instance:testNgTest.TestNgClass1@31368b99]" started-at="2023-02-26T00:29:05 IST" name="VerifyTrainTicket" finished-at="2023-02-26T00:29:11 IST" duration-ms="6521" status="PASS">
          <reporter-output>
          </reporter-output>
        </test-method> <!-- VerifyTrainTicket -->
        <test-method is-config="true" signature="LogOutPage()[pri:0, instance:testNgTest.TestNgClass1@31368b99]" started-at="2023-02-26T00:29:11 IST" name="LogOutPage" finished-at="2023-02-26T00:29:14 IST" duration-ms="2154" status="PASS">
          <reporter-output>
          </reporter-output>
        </test-method> <!-- LogOutPage -->
        <test-method is-config="true" signature="clearPOMObjects()[pri:0, instance:testNgTest.TestNgClass1@31368b99]" started-at="2023-02-26T00:29:14 IST" name="clearPOMObjects" finished-at="2023-02-26T00:29:14 IST" duration-ms="0" status="PASS">
          <reporter-output>
          </reporter-output>
        </test-method> <!-- clearPOMObjects -->
        <test-method is-config="true" signature="closedbrowser()[pri:0, instance:testNgTest.TestNgClass1@31368b99]" started-at="2023-02-26T00:29:14 IST" name="closedbrowser" finished-at="2023-02-26T00:29:14 IST" duration-ms="365" status="PASS">
          <reporter-output>
          </reporter-output>
        </test-method> <!-- closedbrowser -->
      </class> <!-- testNgTest.TestNgClass1 -->
    </test> <!-- ChromeTest -->
    <test started-at="2023-02-26T00:29:14 IST" name="EdgeTest" finished-at="2023-02-26T00:30:50 IST" duration-ms="95433">
      <class name="testNgTest.TestNgClass2">
        <test-method is-config="true" signature="LauchBrowser(java.lang.String)[pri:0, instance:testNgTest.TestNgClass2@4d9e68d0]" started-at="2023-02-26T00:29:17 IST" name="LauchBrowser" finished-at="2023-02-26T00:29:20 IST" duration-ms="2546" status="PASS">
          <params>
            <param index="0">
              <value>
                <![CDATA[Edge]]>
              </value>
            </param>
          </params>
          <reporter-output>
          </reporter-output>
        </test-method> <!-- LauchBrowser -->
        <test-method is-config="true" signature="ctreatePOMObjects()[pri:0, instance:testNgTest.TestNgClass2@4d9e68d0]" started-at="2023-02-26T00:29:20 IST" name="ctreatePOMObjects" finished-at="2023-02-26T00:29:20 IST" duration-ms="2" status="PASS">
          <reporter-output>
          </reporter-output>
        </test-method> <!-- ctreatePOMObjects -->
        <test-method is-config="true" signature="goToHomePage()[pri:0, instance:testNgTest.TestNgClass2@4d9e68d0]" started-at="2023-02-26T00:29:20 IST" name="goToHomePage" finished-at="2023-02-26T00:29:25 IST" duration-ms="5310" status="PASS">
          <reporter-output>
          </reporter-output>
        </test-method> <!-- goToHomePage -->
        <test-method signature="VerifyAddToCart()[pri:1, instance:testNgTest.TestNgClass2@4d9e68d0]" started-at="2023-02-26T00:29:25 IST" name="VerifyAddToCart" finished-at="2023-02-26T00:29:53 IST" duration-ms="27950" status="FAIL">
          <exception class="org.openqa.selenium.ElementNotInteractableException">
            <message>
              <![CDATA[element not interactable
  (Session info: MicrosoftEdge=109.0.1518.70)
Build info: version: '3.141.59', revision: 'e82be7d358', time: '2018-11-14T08:17:03'
System info: host: 'LAPTOP-ER81FAOP', ip: '192.168.168.148', os.name: 'Windows 11', os.arch: 'amd64', os.version: '10.0', java.version: '18.0.2.1'
Driver info: org.openqa.selenium.edge.EdgeDriver
Capabilities {acceptInsecureCerts: false, browserName: msedge, browserVersion: 109.0.1518.70, javascriptEnabled: true, ms:edgeOptions: {debuggerAddress: localhost:55328}, msedge: {msedgedriverVersion: 109.0.1518.69 (ad3ece5ff5a0..., userDataDir: C:\Users\HOME\AppData\Local...}, networkConnectionEnabled: false, pageLoadStrategy: normal, platform: WINDOWS, platformName: WINDOWS, proxy: Proxy(), setWindowRect: true, strictFileInteractability: false, timeouts: {implicit: 0, pageLoad: 300000, script: 30000}, unhandledPromptBehavior: dismiss and notify, webauthn:extension:credBlob: true, webauthn:extension:largeBlob: true, webauthn:virtualAuthenticators: true}
Session ID: b0ff997fd172eff247dbae35fe85c1c5]]>
            </message>
            <full-stacktrace>
              <![CDATA[org.openqa.selenium.ElementNotInteractableException: element not interactable
  (Session info: MicrosoftEdge=109.0.1518.70)
Build info: version: '3.141.59', revision: 'e82be7d358', time: '2018-11-14T08:17:03'
System info: host: 'LAPTOP-ER81FAOP', ip: '192.168.168.148', os.name: 'Windows 11', os.arch: 'amd64', os.version: '10.0', java.version: '18.0.2.1'
Driver info: org.openqa.selenium.edge.EdgeDriver
Capabilities {acceptInsecureCerts: false, browserName: msedge, browserVersion: 109.0.1518.70, javascriptEnabled: true, ms:edgeOptions: {debuggerAddress: localhost:55328}, msedge: {msedgedriverVersion: 109.0.1518.69 (ad3ece5ff5a0..., userDataDir: C:\Users\HOME\AppData\Local...}, networkConnectionEnabled: false, pageLoadStrategy: normal, platform: WINDOWS, platformName: WINDOWS, proxy: Proxy(), setWindowRect: true, strictFileInteractability: false, timeouts: {implicit: 0, pageLoad: 300000, script: 30000}, unhandledPromptBehavior: dismiss and notify, webauthn:extension:credBlob: true, webauthn:extension:largeBlob: true, webauthn:virtualAuthenticators: true}
Session ID: b0ff997fd172eff247dbae35fe85c1c5
at java.base/jdk.internal.reflect.DirectConstructorHandleAccessor.newInstance(DirectConstructorHandleAccessor.java:67)
at java.base/java.lang.reflect.Constructor.newInstanceWithCaller(Constructor.java:499)
at java.base/java.lang.reflect.Constructor.newInstance(Constructor.java:483)
at org.openqa.selenium.remote.http.W3CHttpResponseCodec.createException(W3CHttpResponseCodec.java:187)
at org.openqa.selenium.remote.http.W3CHttpResponseCodec.decode(W3CHttpResponseCodec.java:122)
at org.openqa.selenium.remote.http.W3CHttpResponseCodec.decode(W3CHttpResponseCodec.java:49)
at org.openqa.selenium.remote.HttpCommandExecutor.execute(HttpCommandExecutor.java:158)
at org.openqa.selenium.remote.service.DriverCommandExecutor.execute(DriverCommandExecutor.java:83)
at org.openqa.selenium.remote.RemoteWebDriver.execute(RemoteWebDriver.java:552)
at org.openqa.selenium.remote.RemoteWebElement.execute(RemoteWebElement.java:285)
at org.openqa.selenium.remote.RemoteWebElement.click(RemoteWebElement.java:84)
at java.base/jdk.internal.reflect.DirectMethodHandleAccessor.invoke(DirectMethodHandleAccessor.java:104)
at java.base/java.lang.reflect.Method.invoke(Method.java:577)
at org.openqa.selenium.support.pagefactory.internal.LocatingElementHandler.invoke(LocatingElementHandler.java:51)
at jdk.proxy2/jdk.proxy2.$Proxy17.click(Unknown Source)
at Amazon123.HomePageAmazon.clickonProselect(HomePageAmazon.java:249)
at testNgTest.TestNgClass2.VerifyAddToCart(TestNgClass2.java:99)
at java.base/jdk.internal.reflect.DirectMethodHandleAccessor.invoke(DirectMethodHandleAccessor.java:104)
at java.base/java.lang.reflect.Method.invoke(Method.java:577)
at org.testng.internal.MethodInvocationHelper.invokeMethod(MethodInvocationHelper.java:133)
at org.testng.internal.TestInvoker.invokeMethod(TestInvoker.java:598)
at org.testng.internal.TestInvoker.invokeTestMethod(TestInvoker.java:173)
at org.testng.internal.MethodRunner.runInSequence(MethodRunner.java:46)
at org.testng.internal.TestInvoker$MethodInvocationAgent.invoke(TestInvoker.java:824)
at org.testng.internal.TestInvoker.invokeTestMethods(TestInvoker.java:146)
at org.testng.internal.TestMethodWorker.invokeTestMethods(TestMethodWorker.java:146)
at org.testng.internal.TestMethodWorker.run(TestMethodWorker.java:128)
at java.base/java.util.concurrent.ThreadPoolExecutor.runWorker(ThreadPoolExecutor.java:1136)
at java.base/java.util.concurrent.ThreadPoolExecutor$Worker.run(ThreadPoolExecutor.java:635)
at java.base/java.lang.Thread.run(Thread.java:833)
]]>
            </full-stacktrace>
          </exception> <!-- org.openqa.selenium.ElementNotInteractableException -->
          <reporter-output>
          </reporter-output>
        </test-method> <!-- VerifyAddToCart -->
        <test-method is-config="true" signature="LogOutPage()[pri:0, instance:testNgTest.TestNgClass2@4d9e68d0]" started-at="2023-02-26T00:29:53 IST" name="LogOutPage" finished-at="2023-02-26T00:29:55 IST" duration-ms="1719" status="PASS">
          <reporter-output>
          </reporter-output>
        </test-method> <!-- LogOutPage -->
        <test-method is-config="true" signature="goToHomePage()[pri:0, instance:testNgTest.TestNgClass2@4d9e68d0]" started-at="2023-02-26T00:29:55 IST" name="goToHomePage" finished-at="2023-02-26T00:29:59 IST" duration-ms="4312" status="PASS">
          <reporter-output>
          </reporter-output>
        </test-method> <!-- goToHomePage -->
        <test-method signature="VerifyBuyNow()[pri:2, instance:testNgTest.TestNgClass2@4d9e68d0]" started-at="2023-02-26T00:29:59 IST" name="VerifyBuyNow" finished-at="2023-02-26T00:30:08 IST" duration-ms="8676" status="PASS">
          <reporter-output>
          </reporter-output>
        </test-method> <!-- VerifyBuyNow -->
        <test-method is-config="true" signature="LogOutPage()[pri:0, instance:testNgTest.TestNgClass2@4d9e68d0]" started-at="2023-02-26T00:30:08 IST" name="LogOutPage" finished-at="2023-02-26T00:30:09 IST" duration-ms="1688" status="PASS">
          <reporter-output>
          </reporter-output>
        </test-method> <!-- LogOutPage -->
        <test-method is-config="true" signature="clearPOMObjects()[pri:0, instance:testNgTest.TestNgClass2@4d9e68d0]" started-at="2023-02-26T00:30:09 IST" name="clearPOMObjects" finished-at="2023-02-26T00:30:09 IST" duration-ms="0" status="PASS">
          <reporter-output>
          </reporter-output>
        </test-method> <!-- clearPOMObjects -->
        <test-method is-config="true" signature="closedbrowser()[pri:0, instance:testNgTest.TestNgClass2@4d9e68d0]" started-at="2023-02-26T00:30:50 IST" name="closedbrowser" finished-at="1970-01-01T05:30:00 IST" duration-ms="-1677351650365" status="SKIP">
          <reporter-output>
          </reporter-output>
        </test-method> <!-- closedbrowser -->
      </class> <!-- testNgTest.TestNgClass2 -->
      <class name="testNgTest.TestNgClass1">
        <test-method is-config="true" signature="LauchBrowser(java.lang.String)[pri:0, instance:testNgTest.TestNgClass1@42e99e4a]" started-at="2023-02-26T00:29:14 IST" name="LauchBrowser" finished-at="2023-02-26T00:29:17 IST" duration-ms="2540" status="PASS">
          <params>
            <param index="0">
              <value>
                <![CDATA[Edge]]>
              </value>
            </param>
          </params>
          <reporter-output>
          </reporter-output>
        </test-method> <!-- LauchBrowser -->
        <test-method is-config="true" signature="ctreatePOMObjects()[pri:0, instance:testNgTest.TestNgClass1@42e99e4a]" started-at="2023-02-26T00:29:20 IST" name="ctreatePOMObjects" finished-at="2023-02-26T00:29:20 IST" duration-ms="1" status="PASS">
          <reporter-output>
          </reporter-output>
        </test-method> <!-- ctreatePOMObjects -->
        <test-method is-config="true" signature="goToHomePage()[pri:0, instance:testNgTest.TestNgClass1@42e99e4a]" started-at="2023-02-26T00:29:20 IST" name="goToHomePage" finished-at="2023-02-26T00:29:40 IST" duration-ms="20389" status="PASS">
          <reporter-output>
          </reporter-output>
        </test-method> <!-- goToHomePage -->
        <test-method signature="VerifyElectricityBill()[pri:0, instance:testNgTest.TestNgClass1@42e99e4a]" started-at="2023-02-26T00:29:40 IST" name="VerifyElectricityBill" finished-at="2023-02-26T00:29:52 IST" duration-ms="11885" status="PASS">
          <reporter-output>
          </reporter-output>
        </test-method> <!-- VerifyElectricityBill -->
        <test-method is-config="true" signature="LogOutPage()[pri:0, instance:testNgTest.TestNgClass1@42e99e4a]" started-at="2023-02-26T00:29:52 IST" name="LogOutPage" finished-at="2023-02-26T00:29:54 IST" duration-ms="1748" status="PASS">
          <reporter-output>
          </reporter-output>
        </test-method> <!-- LogOutPage -->
        <test-method is-config="true" signature="goToHomePage()[pri:0, instance:testNgTest.TestNgClass1@42e99e4a]" started-at="2023-02-26T00:29:54 IST" name="goToHomePage" finished-at="2023-02-26T00:30:09 IST" duration-ms="15920" status="PASS">
          <reporter-output>
          </reporter-output>
        </test-method> <!-- goToHomePage -->
        <test-method signature="VerifyMobileRechagre()[pri:0, instance:testNgTest.TestNgClass1@42e99e4a]" started-at="2023-02-26T00:30:09 IST" name="VerifyMobileRechagre" finished-at="2023-02-26T00:30:18 IST" duration-ms="8831" status="PASS">
          <reporter-output>
          </reporter-output>
        </test-method> <!-- VerifyMobileRechagre -->
        <test-method is-config="true" signature="LogOutPage()[pri:0, instance:testNgTest.TestNgClass1@42e99e4a]" started-at="2023-02-26T00:30:18 IST" name="LogOutPage" finished-at="2023-02-26T00:30:20 IST" duration-ms="1817" status="PASS">
          <reporter-output>
          </reporter-output>
        </test-method> <!-- LogOutPage -->
        <test-method is-config="true" signature="goToHomePage()[pri:0, instance:testNgTest.TestNgClass1@42e99e4a]" started-at="2023-02-26T00:30:20 IST" name="goToHomePage" finished-at="2023-02-26T00:30:44 IST" duration-ms="23511" status="PASS">
          <reporter-output>
          </reporter-output>
        </test-method> <!-- goToHomePage -->
        <test-method signature="VerifyTrainTicket()[pri:0, instance:testNgTest.TestNgClass1@42e99e4a]" started-at="2023-02-26T00:30:44 IST" name="VerifyTrainTicket" finished-at="2023-02-26T00:30:50 IST" duration-ms="5951" status="PASS">
          <reporter-output>
          </reporter-output>
        </test-method> <!-- VerifyTrainTicket -->
        <test-method is-config="true" signature="LogOutPage()[pri:0, instance:testNgTest.TestNgClass1@42e99e4a]" started-at="2023-02-26T00:30:50 IST" name="LogOutPage" finished-at="2023-02-26T00:30:50 IST" duration-ms="264" status="FAIL">
          <exception class="org.openqa.selenium.ElementNotInteractableException">
            <message>
              <![CDATA[element not interactable: [object HTMLSpanElement] has no size and location
  (Session info: MicrosoftEdge=109.0.1518.70)
Build info: version: '3.141.59', revision: 'e82be7d358', time: '2018-11-14T08:17:03'
System info: host: 'LAPTOP-ER81FAOP', ip: '192.168.168.148', os.name: 'Windows 11', os.arch: 'amd64', os.version: '10.0', java.version: '18.0.2.1'
Driver info: org.openqa.selenium.edge.EdgeDriver
Capabilities {acceptInsecureCerts: false, browserName: msedge, browserVersion: 109.0.1518.70, javascriptEnabled: true, ms:edgeOptions: {debuggerAddress: localhost:55310}, msedge: {msedgedriverVersion: 109.0.1518.69 (ad3ece5ff5a0..., userDataDir: C:\Users\HOME\AppData\Local...}, networkConnectionEnabled: false, pageLoadStrategy: normal, platform: WINDOWS, platformName: WINDOWS, proxy: Proxy(), setWindowRect: true, strictFileInteractability: false, timeouts: {implicit: 0, pageLoad: 300000, script: 30000}, unhandledPromptBehavior: dismiss and notify, webauthn:extension:credBlob: true, webauthn:extension:largeBlob: true, webauthn:virtualAuthenticators: true}
Session ID: 9d62b5fbd198490e3cfddac7d1bee8f0]]>
            </message>
            <full-stacktrace>
              <![CDATA[org.openqa.selenium.ElementNotInteractableException: element not interactable: [object HTMLSpanElement] has no size and location
  (Session info: MicrosoftEdge=109.0.1518.70)
Build info: version: '3.141.59', revision: 'e82be7d358', time: '2018-11-14T08:17:03'
System info: host: 'LAPTOP-ER81FAOP', ip: '192.168.168.148', os.name: 'Windows 11', os.arch: 'amd64', os.version: '10.0', java.version: '18.0.2.1'
Driver info: org.openqa.selenium.edge.EdgeDriver
Capabilities {acceptInsecureCerts: false, browserName: msedge, browserVersion: 109.0.1518.70, javascriptEnabled: true, ms:edgeOptions: {debuggerAddress: localhost:55310}, msedge: {msedgedriverVersion: 109.0.1518.69 (ad3ece5ff5a0..., userDataDir: C:\Users\HOME\AppData\Local...}, networkConnectionEnabled: false, pageLoadStrategy: normal, platform: WINDOWS, platformName: WINDOWS, proxy: Proxy(), setWindowRect: true, strictFileInteractability: false, timeouts: {implicit: 0, pageLoad: 300000, script: 30000}, unhandledPromptBehavior: dismiss and notify, webauthn:extension:credBlob: true, webauthn:extension:largeBlob: true, webauthn:virtualAuthenticators: true}
Session ID: 9d62b5fbd198490e3cfddac7d1bee8f0
at java.base/jdk.internal.reflect.DirectConstructorHandleAccessor.newInstance(DirectConstructorHandleAccessor.java:67)
at java.base/java.lang.reflect.Constructor.newInstanceWithCaller(Constructor.java:499)
at java.base/java.lang.reflect.Constructor.newInstance(Constructor.java:483)
at org.openqa.selenium.remote.http.W3CHttpResponseCodec.createException(W3CHttpResponseCodec.java:187)
at org.openqa.selenium.remote.http.W3CHttpResponseCodec.decode(W3CHttpResponseCodec.java:122)
at org.openqa.selenium.remote.http.W3CHttpResponseCodec.decode(W3CHttpResponseCodec.java:49)
at org.openqa.selenium.remote.HttpCommandExecutor.execute(HttpCommandExecutor.java:158)
at org.openqa.selenium.remote.service.DriverCommandExecutor.execute(DriverCommandExecutor.java:83)
at org.openqa.selenium.remote.RemoteWebDriver.execute(RemoteWebDriver.java:552)
at org.openqa.selenium.remote.RemoteWebDriver.perform(RemoteWebDriver.java:618)
at org.openqa.selenium.interactions.Actions$BuiltAction.perform(Actions.java:639)
at Amazon123.HomePageAmazon.clickonSignOut(HomePageAmazon.java:245)
at testNgTest.TestNgClass1.LogOutPage(TestNgClass1.java:140)
at java.base/jdk.internal.reflect.DirectMethodHandleAccessor.invoke(DirectMethodHandleAccessor.java:104)
at java.base/java.lang.reflect.Method.invoke(Method.java:577)
at org.testng.internal.MethodInvocationHelper.invokeMethod(MethodInvocationHelper.java:133)
at org.testng.internal.MethodInvocationHelper.invokeMethodConsideringTimeout(MethodInvocationHelper.java:62)
at org.testng.internal.ConfigInvoker.invokeConfigurationMethod(ConfigInvoker.java:385)
at org.testng.internal.ConfigInvoker.invokeConfigurations(ConfigInvoker.java:321)
at org.testng.internal.TestInvoker.runConfigMethods(TestInvoker.java:700)
at org.testng.internal.TestInvoker.runAfterGroupsConfigurations(TestInvoker.java:676)
at org.testng.internal.TestInvoker.invokeMethod(TestInvoker.java:660)
at org.testng.internal.TestInvoker.invokeTestMethod(TestInvoker.java:173)
at org.testng.internal.MethodRunner.runInSequence(MethodRunner.java:46)
at org.testng.internal.TestInvoker$MethodInvocationAgent.invoke(TestInvoker.java:824)
at org.testng.internal.TestInvoker.invokeTestMethods(TestInvoker.java:146)
at org.testng.internal.TestMethodWorker.invokeTestMethods(TestMethodWorker.java:146)
at org.testng.internal.TestMethodWorker.run(TestMethodWorker.java:128)
at java.base/java.util.concurrent.ThreadPoolExecutor.runWorker(ThreadPoolExecutor.java:1136)
at java.base/java.util.concurrent.ThreadPoolExecutor$Worker.run(ThreadPoolExecutor.java:635)
at java.base/java.lang.Thread.run(Thread.java:833)
]]>
            </full-stacktrace>
          </exception> <!-- org.openqa.selenium.ElementNotInteractableException -->
          <reporter-output>
          </reporter-output>
        </test-method> <!-- LogOutPage -->
        <test-method is-config="true" signature="clearPOMObjects()[pri:0, instance:testNgTest.TestNgClass1@42e99e4a]" started-at="2023-02-26T00:30:50 IST" name="clearPOMObjects" finished-at="1970-01-01T05:30:00 IST" duration-ms="-1677351650356" status="SKIP">
          <reporter-output>
          </reporter-output>
        </test-method> <!-- clearPOMObjects -->
        <test-method is-config="true" signature="closedbrowser()[pri:0, instance:testNgTest.TestNgClass1@42e99e4a]" started-at="2023-02-26T00:30:50 IST" name="closedbrowser" finished-at="1970-01-01T05:30:00 IST" duration-ms="-1677351650363" status="SKIP">
          <reporter-output>
          </reporter-output>
        </test-method> <!-- closedbrowser -->
      </class> <!-- testNgTest.TestNgClass1 -->
    </test> <!-- EdgeTest -->
  </suite> <!-- Suite -->
</testng-results>
